<?xml version="1.0" encoding="UTF-8"?>
<testsuite name="com.vigilai.screening.CallScreeningTest" tests="7" skipped="0" failures="0" errors="0" timestamp="2026-09-17T03:06:38" hostname="LAPTOP-UDLNJS37" time="0.437">
  <properties/>
  <testcase name="testUnknownCaller_ReturnsAllow" classname="com.vigilai.screening.CallScreeningTest" time="0.098"/>
  <testcase name="testVerifiedCaller_ReturnsAllowWithHighTrust" classname="com.vigilai.screening.CallScreeningTest" time="0.003"/>
  <testcase name="testBlockedNumber_ReturnsImmediateBlock" classname="com.vigilai.screening.CallScreeningTest" time="0.002"/>
  <testcase name="testFailedCallerVerification_ReturnsSilenceOrBlock" classname="com.vigilai.screening.CallScreeningTest" time="0.001"/>
  <testcase name="testTimeout_ReturnsSafePreliminaryDecision" classname="com.vigilai.screening.CallScreeningTest" time="0.331"/>
  <testcase name="testPhoneNumberMasking" classname="com.vigilai.screening.CallScreeningTest" time="0.0"/>
  <testcase name="testKnownContact_ReturnsImmediateAllow" classname="com.vigilai.screening.CallScreeningTest" time="0.0"/>
  <system-out><![CDATA[]]></system-out>
  <system-err><![CDATA[]]></system-err>
</testsuite>
